c9d104d|e02c651|a51f674|2020-12-07 13:39:02 -0800|mlee09206@gmail.com|minju lee|2020-12-07 13:39:02 -0800|mlee09206@gmail.com|minju lee||final-secret|final/secret|	 15 files changed, 9 insertions(+), 1795 deletions(-)	
a51f674|70682e2|806a739|2020-12-07 13:18:18 -0800|mlee09206@gmail.com|minju lee|2020-12-07 13:18:18 -0800|mlee09206@gmail.com|minju lee||images|images|	 2 files changed, 0 insertions(+), 0 deletions(-)	
806a739|cca21d6|5e95cf2|2020-12-07 12:57:37 -0800|mlee09206@gmail.com|minju lee|2020-12-07 13:06:58 -0800|mlee09206@gmail.com|minju lee||added-final-secret-folders|added final/secret folders|	 14 files changed, 1820 insertions(+)	
5e95cf2|ee984bb|1ec6b0c|2020-12-07 01:02:53 -0800|mlee09206@gmail.com|minju lee|2020-12-07 01:02:53 -0800|mlee09206@gmail.com|minju lee||Final_prep|Final_prep|	 11 files changed, 1820 insertions(+)	
1ec6b0c|97176c9|2811982|2020-12-04 14:47:05 -0800|mlee09206@gmail.com|minju lee|2020-12-04 14:47:05 -0800|mlee09206@gmail.com|minju lee||Final_info-and-folders-reorganized|Final_info and folders reorganized|	 345 files changed, 161627 insertions(+), 197 deletions(-)	
2811982|11d9e98|660771e|2020-12-03 20:23:40 -0800|mlee09206@gmail.com|minju lee|2020-12-03 20:23:40 -0800|mlee09206@gmail.com|minju lee||Week12-14|Week12-14|	 79 files changed, 31116 insertions(+), 15632 deletions(-)	
660771e|1df9910|fb0c7d4|2020-11-09 05:00:47 -0800|mlee09206@gmail.com|minju lee|2020-11-09 05:00:47 -0800|mlee09206@gmail.com|minju lee|||..|	 1 file changed, 1 insertion(+), 1 deletion(-)	
fb0c7d4|32ebfdb|34d4152|2020-11-09 04:59:43 -0800|mlee09206@gmail.com|minju lee|2020-11-09 04:59:43 -0800|mlee09206@gmail.com|minju lee|||..|	 1 file changed, 1 insertion(+), 2 deletions(-)	
34d4152|b64aa21|b86b3ff|2020-11-09 04:58:07 -0800|mlee09206@gmail.com|minju lee|2020-11-09 04:58:07 -0800|mlee09206@gmail.com|minju lee|||..|	 1 file changed, 4 insertions(+), 3 deletions(-)	
b86b3ff|4c7b659|c0ac458|2020-11-09 04:48:31 -0800|mlee09206@gmail.com|minju lee|2020-11-09 04:48:31 -0800|mlee09206@gmail.com|minju lee|||..|	 1 file changed, 1 insertion(+), 1 deletion(-)	
c0ac458|475b070|0bbf66b|2020-11-09 04:47:15 -0800|mlee09206@gmail.com|minju lee|2020-11-09 04:47:15 -0800|mlee09206@gmail.com|minju lee|||..|	 5 files changed, 253 insertions(+), 253 deletions(-)	
0bbf66b|2d7521d|3e5cbbb|2020-11-09 04:35:32 -0800|mlee09206@gmail.com|minju lee|2020-11-09 04:35:32 -0800|mlee09206@gmail.com|minju lee|||..|	 1 file changed, 12 insertions(+), 9 deletions(-)	
3e5cbbb|5117f1e|14e69b7|2020-11-09 04:31:48 -0800|mlee09206@gmail.com|minju lee|2020-11-09 04:31:48 -0800|mlee09206@gmail.com|minju lee|||..|	 1 file changed, 8 insertions(+), 7 deletions(-)	
14e69b7|f0c8daa|67ab51f|2020-11-09 04:28:52 -0800|mlee09206@gmail.com|minju lee|2020-11-09 04:28:52 -0800|mlee09206@gmail.com|minju lee||v1|v1|	 1 file changed, 2 insertions(+)	
67ab51f|eea8ee4|0341589|2020-11-09 04:26:04 -0800|mlee09206@gmail.com|minju lee|2020-11-09 04:26:04 -0800|mlee09206@gmail.com|minju lee||fixed-covert.inchestocm|fixed covert.inchestocm|	 1 file changed, 6 insertions(+), 5 deletions(-)	
0341589|e796895|4fbff88|2020-11-09 04:13:24 -0800|mlee09206@gmail.com|minju lee|2020-11-09 04:13:24 -0800|mlee09206@gmail.com|minju lee||fixed-merge-func|fixed merge func|	 1 file changed, 23 insertions(+), 23 deletions(-)	
4fbff88|89b3c28|25b3849|2020-11-09 04:04:30 -0800|mlee09206@gmail.com|minju lee|2020-11-09 04:04:30 -0800|mlee09206@gmail.com|minju lee||added-prepareMeasureData|added prepareMeasureData()|	 1 file changed, 118 insertions(+)	
25b3849|5bece35|452e7b4|2020-11-09 03:44:22 -0800|mlee09206@gmail.com|minju lee|2020-11-09 03:44:22 -0800|mlee09206@gmail.com|minju lee||project-measure-function|project-measure-function|	 1 file changed, 92 insertions(+)	
452e7b4|3e30d66|6ba5aef|2020-11-09 03:42:35 -0800|mlee09206@gmail.com|minju lee|2020-11-09 03:42:35 -0800|mlee09206@gmail.com|minju lee||project-measure|project-measure|	 48 files changed, 29132 insertions(+), 391 deletions(-)	
6ba5aef|3d2194a|0a479b7|2020-10-28 16:34:05 -0700|mlee09206@gmail.com|minju lee|2020-10-28 16:34:05 -0700|mlee09206@gmail.com|minju lee||WEEK06-WEEK07-Midterm|WEEK06~WEEK07 / Midterm|	 214 files changed, 14537 insertions(+), 174 deletions(-)	
0a479b7|4e0badc|0dafd73|2020-10-15 14:03:19 -0700|mlee09206@gmail.com|minju lee|2020-10-15 14:03:19 -0700|mlee09206@gmail.com|minju lee||WEEK8|WEEK8|	 132 files changed, 48366 insertions(+)	
0dafd73|ba3cf57|c17597d|2020-10-02 13:18:55 -0700|mlee09206@gmail.com|minju lee|2020-10-02 13:18:55 -0700|mlee09206@gmail.com|minju lee||Week06|Week06|	 7 files changed, 656 insertions(+)	
c17597d|a736875|bee12ae|2020-09-28 01:02:42 -0700|mlee09206@gmail.com|minju lee|2020-09-28 01:02:42 -0700|mlee09206@gmail.com|minju lee||WEEK05-UPDATES|WEEK05 UPDATES|	 43 files changed, 19116 insertions(+)	
bee12ae|7915e83|cec9499|2020-09-28 00:55:34 -0700|mlee09206@gmail.com|minju lee|2020-09-28 00:55:34 -0700|mlee09206@gmail.com|minju lee||week05|week05|	 10 files changed, 1720 insertions(+), 1564 deletions(-)	
cec9499|38ef36f|fd19703|2020-09-21 15:58:11 -0700|minju.lee@wsu.edu|minju lee|2020-09-21 15:58:11 -0700|minju.lee@wsu.edu|minju lee||functions|functions|	 29 files changed, 5457 insertions(+)	
fd19703|d723e09|bbf9fcb|2020-09-21 14:18:29 -0700|minju.lee@wsu.edu|minju lee|2020-09-21 14:18:29 -0700|minju.lee@wsu.edu|minju lee||week00-older-codes|week00 older codes|	 14 files changed, 43560 insertions(+)	
bbf9fcb|6e9af33||2020-09-21 13:56:54 -0700|62731728+minju-lee92@users.noreply.github.com|minju-lee92|2020-09-21 13:56:54 -0700|noreply@github.com|GitHub||Initial-commit|Initial commit|	 3 files changed, 61 insertions(+)	
